<?xml version="1.0" encoding="UTF-8"?>
<testsuite xmlns:xsi="http://www.w3.org/2001/XMLSchema-instance" xsi:noNamespaceSchemaLocation="https://maven.apache.org/surefire/maven-surefire-plugin/xsd/surefire-test-report.xsd" version="3.0.2" name="fr.raphaelmakaryan.cours_springboot.CoursSpringbootApplicationTests" time="4.674" tests="1" errors="0" skipped="0" failures="0">
  <properties>
[...]
</properties>
  <testcase name="contextLoads" classname="fr.raphaelmakaryan.cours_springboot.CoursSpringbootApplicationTests" time="0.359">
    <system-out><![CDATA[15:51:55.179 [main] INFO org.springframework.test.context.support.AnnotationConfigContextLoaderUtils -- Could not detect default configuration classes for test class [fr.raphaelmakaryan.cours_springboot.CoursSpringbootApplicationTests]: CoursSpringbootApplicationTests does not declare any static, non-private, non-final, nested classes annotated with @Configuration.
15:51:55.275 [main] INFO org.springframework.boot.test.context.SpringBootTestContextBootstrapper -- Found @SpringBootConfiguration fr.raphaelmakaryan.cours_springboot.CoursSpringbootApplication for test class fr.raphaelmakaryan.cours_springboot.CoursSpringbootApplicationTests

  .   ____          _            __ _ _
 /\\ / ___'_ __ _ _(_)_ __  __ _ \ \ \ \
( ( )\___ | '_ | '_| | '_ \/ _` | \ \ \ \
 \\/  ___)| |_)| | | | | || (_| |  ) ) ) )
  '  |____| .__|_| |_|_| |_\__, | / / / /
 =========|_|==============|___/=/_/_/_/

 :: Spring Boot ::                (v3.5.7)

2025-10-31T15:51:55.857+01:00  INFO 186183 --- [cours_springboot] [           main] f.r.c.CoursSpringbootApplicationTests    : Starting CoursSpringbootApplicationTests using Java 21.0.8 with PID 186183 (started by user in /home/user/Documents/COURS/cours_springboot2)
2025-10-31T15:51:55.859+01:00  INFO 186183 --- [cours_springboot] [           main] f.r.c.CoursSpringbootApplicationTests    : No active profile set, falling back to 1 default profile: "default"
2025-10-31T15:51:56.661+01:00  INFO 186183 --- [cours_springboot] [           main] .s.d.r.c.RepositoryConfigurationDelegate : Bootstrapping Spring Data JPA repositories in DEFAULT mode.
2025-10-31T15:51:56.776+01:00  INFO 186183 --- [cours_springboot] [           main] .s.d.r.c.RepositoryConfigurationDelegate : Finished Spring Data repository scanning in 107 ms. Found 1 JPA repository interface.
2025-10-31T15:51:56.980+01:00  INFO 186183 --- [cours_springboot] [           main] o.s.cloud.context.scope.GenericScope     : BeanFactory id=3cdd695c-4006-33c6-bd85-1647eb2b4dfc
2025-10-31T15:51:57.270+01:00  INFO 186183 --- [cours_springboot] [           main] o.hibernate.jpa.internal.util.LogHelper  : HHH000204: Processing PersistenceUnitInfo [name: default]
2025-10-31T15:51:57.310+01:00  INFO 186183 --- [cours_springboot] [           main] org.hibernate.Version                    : HHH000412: Hibernate ORM core version 6.6.33.Final
2025-10-31T15:51:57.334+01:00  INFO 186183 --- [cours_springboot] [           main] o.h.c.internal.RegionFactoryInitiator    : HHH000026: Second-level cache disabled
2025-10-31T15:51:57.528+01:00  INFO 186183 --- [cours_springboot] [           main] o.s.o.j.p.SpringPersistenceUnitInfo      : No LoadTimeWeaver setup: ignoring JPA class transformer
2025-10-31T15:51:57.552+01:00  INFO 186183 --- [cours_springboot] [           main] com.zaxxer.hikari.HikariDataSource       : HikariPool-1 - Starting...
2025-10-31T15:51:57.709+01:00  INFO 186183 --- [cours_springboot] [           main] com.zaxxer.hikari.pool.HikariPool        : HikariPool-1 - Added connection conn0: url=jdbc:h2:mem:LocationVehicule user=ROOT
2025-10-31T15:51:57.710+01:00  INFO 186183 --- [cours_springboot] [           main] com.zaxxer.hikari.HikariDataSource       : HikariPool-1 - Start completed.
2025-10-31T15:51:57.727+01:00  WARN 186183 --- [cours_springboot] [           main] org.hibernate.orm.deprecation            : HHH90000025: H2Dialect does not need to be specified explicitly using 'hibernate.dialect' (remove the property setting and it will be selected by default)
2025-10-31T15:51:57.743+01:00  INFO 186183 --- [cours_springboot] [           main] org.hibernate.orm.connections.pooling    : HHH10001005: Database info:
	Database JDBC URL [Connecting through datasource 'HikariDataSource (HikariPool-1)']
	Database driver: undefined/unknown
	Database version: 2.3.232
	Autocommit mode: undefined/unknown
	Isolation level: undefined/unknown
	Minimum pool size: undefined/unknown
	Maximum pool size: undefined/unknown
2025-10-31T15:51:58.374+01:00  INFO 186183 --- [cours_springboot] [           main] o.h.e.t.j.p.i.JtaPlatformInitiator       : HHH000489: No JTA platform available (set 'hibernate.transaction.jta.platform' to enable JTA platform integration)
Hibernate: drop table if exists client cascade 
Hibernate: create table client (birthday date, id integer generated by default as identity, first_name varchar(255), last_name varchar(255), license varchar(255), primary key (id))
2025-10-31T15:51:58.407+01:00  INFO 186183 --- [cours_springboot] [           main] j.LocalContainerEntityManagerFactoryBean : Initialized JPA EntityManagerFactory for persistence unit 'default'
2025-10-31T15:51:58.708+01:00  WARN 186183 --- [cours_springboot] [           main] JpaBaseConfiguration$JpaWebConfiguration : spring.jpa.open-in-view is enabled by default. Therefore, database queries may be performed during view rendering. Explicitly configure spring.jpa.open-in-view to disable this warning
2025-10-31T15:51:59.150+01:00  INFO 186183 --- [cours_springboot] [           main] o.s.b.a.h2.H2ConsoleAutoConfiguration    : H2 console available at '/h2-console'. Database available at 'jdbc:h2:mem:LocationVehicule'
2025-10-31T15:51:59.275+01:00  INFO 186183 --- [cours_springboot] [           main] DiscoveryClientOptionalArgsConfiguration : Eureka HTTP Client uses RestTemplate.
2025-10-31T15:51:59.314+01:00  WARN 186183 --- [cours_springboot] [           main] iguration$LoadBalancerCaffeineWarnLogger : Spring Cloud LoadBalancer is currently working with the default cache. While this cache implementation is useful for development and tests, it's recommended to use Caffeine cache in production.You can switch to using Caffeine cache, by adding it and org.springframework.cache.caffeine.CaffeineCacheManager to the classpath.
2025-10-31T15:51:59.344+01:00  INFO 186183 --- [cours_springboot] [           main] f.r.c.CoursSpringbootApplicationTests    : Started CoursSpringbootApplicationTests in 3.775 seconds (process running for 4.805)
]]></system-out>
    <system-err><![CDATA[Mockito is currently self-attaching to enable the inline-mock-maker. This will no longer work in future releases of the JDK. Please add Mockito as an agent to your build as described in Mockito's documentation: https://javadoc.io/doc/org.mockito/mockito-core/latest/org.mockito/org/mockito/Mockito.html#0.3
WARNING: A Java agent has been loaded dynamically (/home/user/.m2/repository/net/bytebuddy/byte-buddy-agent/1.17.8/byte-buddy-agent-1.17.8.jar)
WARNING: If a serviceability tool is in use, please run with -XX:+EnableDynamicAgentLoading to hide this warning
WARNING: If a serviceability tool is not in use, please run with -Djdk.instrument.traceUsage for more information
WARNING: Dynamic loading of agents will be disallowed by default in a future release
]]></system-err>
  </testcase>
</testsuite>